<?xml version="1.0" encoding="UTF-8"?>
<testsuite xmlns:xsi="http://www.w3.org/2001/XMLSchema-instance" xsi:noNamespaceSchemaLocation="https://maven.apache.org/surefire/maven-surefire-plugin/xsd/surefire-test-report-3.0.xsd" version="3.0" name="com.helloCash.helloCash.HelloCashApplicationTests" time="13.258" tests="1" errors="0" skipped="0" failures="0">
  <properties>
[...]
</properties>
  <testcase name="contextLoads" classname="com.helloCash.helloCash.HelloCashApplicationTests" time="1.115">
    <system-out><![CDATA[Standard Commons Logging discovery in action with spring-jcl: please remove commons-logging.jar from classpath in order to avoid potential conflicts
19:59:40.549 [main] INFO org.springframework.test.context.support.AnnotationConfigContextLoaderUtils -- Could not detect default configuration classes for test class [com.helloCash.helloCash.HelloCashApplicationTests]: HelloCashApplicationTests does not declare any static, non-private, non-final, nested classes annotated with @Configuration.
19:59:40.870 [main] INFO org.springframework.boot.test.context.SpringBootTestContextBootstrapper -- Found @SpringBootConfiguration com.helloCash.helloCash.HelloCashApplication for test class com.helloCash.helloCash.HelloCashApplicationTests
  .   ____          _            __ _ _
 /\\ / ___'_ __ _ _(_)_ __  __ _ \ \ \ \
( ( )\___ | '_ | '_| | '_ \/ _` | \ \ \ \
 \\/  ___)| |_)| | | | | || (_| |  ) ) ) )
  '  |____| .__|_| |_|_| |_\__, | / / / /
 =========|_|==============|___/=/_/_/_/

 :: Spring Boot ::                (v3.3.0)

2024-07-08T19:59:42.140+01:00  WARN 31953 --- [helloCash] [           main] ory$DuplicateJsonObjectContextCustomizer : 

Found multiple occurrences of org.json.JSONObject on the class path:

	jar:file:/Users/mac/.m2/repository/org/json/json/20240303/json-20240303.jar!/org/json/JSONObject.class
	jar:file:/Users/mac/.m2/repository/com/vaadin/external/google/android-json/0.0.20131108.vaadin1/android-json-0.0.20131108.vaadin1.jar!/org/json/JSONObject.class

You may wish to exclude one of them to ensure predictable runtime behavior

2024-07-08T19:59:42.202+01:00  INFO 31953 --- [helloCash] [           main] c.h.helloCash.HelloCashApplicationTests  : Starting HelloCashApplicationTests using Java 22.0.1 with PID 31953 (started by mac in /Users/mac/Downloads/HelloCash-App)
2024-07-08T19:59:42.204+01:00  INFO 31953 --- [helloCash] [           main] c.h.helloCash.HelloCashApplicationTests  : No active profile set, falling back to 1 default profile: "default"
2024-07-08T19:59:43.972+01:00  INFO 31953 --- [helloCash] [           main] .s.d.r.c.RepositoryConfigurationDelegate : Bootstrapping Spring Data JPA repositories in DEFAULT mode.
2024-07-08T19:59:44.120+01:00  INFO 31953 --- [helloCash] [           main] .s.d.r.c.RepositoryConfigurationDelegate : Finished Spring Data repository scanning in 124 ms. Found 2 JPA repository interfaces.
2024-07-08T19:59:45.233+01:00  INFO 31953 --- [helloCash] [           main] o.hibernate.jpa.internal.util.LogHelper  : HHH000204: Processing PersistenceUnitInfo [name: default]
2024-07-08T19:59:45.463+01:00  INFO 31953 --- [helloCash] [           main] org.hibernate.Version                    : HHH000412: Hibernate ORM core version 6.5.2.Final
2024-07-08T19:59:45.608+01:00  INFO 31953 --- [helloCash] [           main] o.h.c.internal.RegionFactoryInitiator    : HHH000026: Second-level cache disabled
2024-07-08T19:59:45.894+01:00 DEBUG 31953 --- [helloCash] [           main] org.hibernate.type.BasicTypeRegistry     : Adding type registration boolean -> org.hibernate.type.BasicTypeReference@19da993b
2024-07-08T19:59:45.894+01:00 DEBUG 31953 --- [helloCash] [           main] org.hibernate.type.BasicTypeRegistry     : Adding type registration boolean -> org.hibernate.type.BasicTypeReference@19da993b
2024-07-08T19:59:45.894+01:00 DEBUG 31953 --- [helloCash] [           main] org.hibernate.type.BasicTypeRegistry     : Adding type registration java.lang.Boolean -> org.hibernate.type.BasicTypeReference@19da993b
2024-07-08T19:59:45.895+01:00 DEBUG 31953 --- [helloCash] [           main] org.hibernate.type.BasicTypeRegistry     : Adding type registration numeric_boolean -> org.hibernate.type.BasicTypeReference@3380ca3d
2024-07-08T19:59:45.895+01:00 DEBUG 31953 --- [helloCash] [           main] org.hibernate.type.BasicTypeRegistry     : Adding type registration org.hibernate.type.NumericBooleanConverter -> org.hibernate.type.BasicTypeReference@3380ca3d
2024-07-08T19:59:45.895+01:00 DEBUG 31953 --- [helloCash] [           main] org.hibernate.type.BasicTypeRegistry     : Adding type registration true_false -> org.hibernate.type.BasicTypeReference@23310248
2024-07-08T19:59:45.895+01:00 DEBUG 31953 --- [helloCash] [           main] org.hibernate.type.BasicTypeRegistry     : Adding type registration org.hibernate.type.TrueFalseConverter -> org.hibernate.type.BasicTypeReference@23310248
2024-07-08T19:59:45.896+01:00 DEBUG 31953 --- [helloCash] [           main] org.hibernate.type.BasicTypeRegistry     : Adding type registration yes_no -> org.hibernate.type.BasicTypeReference@c2df90e
2024-07-08T19:59:45.896+01:00 DEBUG 31953 --- [helloCash] [           main] org.hibernate.type.BasicTypeRegistry     : Adding type registration org.hibernate.type.YesNoConverter -> org.hibernate.type.BasicTypeReference@c2df90e
2024-07-08T19:59:45.896+01:00 DEBUG 31953 --- [helloCash] [           main] org.hibernate.type.BasicTypeRegistry     : Adding type registration byte -> org.hibernate.type.BasicTypeReference@41f3aaf1
2024-07-08T19:59:45.896+01:00 DEBUG 31953 --- [helloCash] [           main] org.hibernate.type.BasicTypeRegistry     : Adding type registration byte -> org.hibernate.type.BasicTypeReference@41f3aaf1
2024-07-08T19:59:45.897+01:00 DEBUG 31953 --- [helloCash] [           main] org.hibernate.type.BasicTypeRegistry     : Adding type registration java.lang.Byte -> org.hibernate.type.BasicTypeReference@41f3aaf1
2024-07-08T19:59:45.897+01:00 DEBUG 31953 --- [helloCash] [           main] org.hibernate.type.BasicTypeRegistry     : Adding type registration binary -> org.hibernate.type.BasicTypeReference@741741d0
2024-07-08T19:59:45.897+01:00 DEBUG 31953 --- [helloCash] [           main] org.hibernate.type.BasicTypeRegistry     : Adding type registration byte[] -> org.hibernate.type.BasicTypeReference@741741d0
2024-07-08T19:59:45.897+01:00 DEBUG 31953 --- [helloCash] [           main] org.hibernate.type.BasicTypeRegistry     : Adding type registration [B -> org.hibernate.type.BasicTypeReference@741741d0
2024-07-08T19:59:45.898+01:00 DEBUG 31953 --- [helloCash] [           main] org.hibernate.type.BasicTypeRegistry     : Adding type registration binary_wrapper -> org.hibernate.type.BasicTypeReference@5f9f3e58
2024-07-08T19:59:45.898+01:00 DEBUG 31953 --- [helloCash] [           main] org.hibernate.type.BasicTypeRegistry     : Adding type registration wrapper-binary -> org.hibernate.type.BasicTypeReference@5f9f3e58
2024-07-08T19:59:45.899+01:00 DEBUG 31953 --- [helloCash] [           main] org.hibernate.type.BasicTypeRegistry     : Adding type registration image -> org.hibernate.type.BasicTypeReference@3c19592c
2024-07-08T19:59:45.899+01:00 DEBUG 31953 --- [helloCash] [           main] org.hibernate.type.BasicTypeRegistry     : Adding type registration blob -> org.hibernate.type.BasicTypeReference@60e1d87c
2024-07-08T19:59:45.899+01:00 DEBUG 31953 --- [helloCash] [           main] org.hibernate.type.BasicTypeRegistry     : Adding type registration java.sql.Blob -> org.hibernate.type.BasicTypeReference@60e1d87c
2024-07-08T19:59:45.899+01:00 DEBUG 31953 --- [helloCash] [           main] org.hibernate.type.BasicTypeRegistry     : Adding type registration materialized_blob -> org.hibernate.type.BasicTypeReference@2eb60c71
2024-07-08T19:59:45.899+01:00 DEBUG 31953 --- [helloCash] [           main] org.hibernate.type.BasicTypeRegistry     : Adding type registration materialized_blob_wrapper -> org.hibernate.type.BasicTypeReference@87d9a01
2024-07-08T19:59:45.900+01:00 DEBUG 31953 --- [helloCash] [           main] org.hibernate.type.BasicTypeRegistry     : Adding type registration short -> org.hibernate.type.BasicTypeReference@7e5b621b
2024-07-08T19:59:45.900+01:00 DEBUG 31953 --- [helloCash] [           main] org.hibernate.type.BasicTypeRegistry     : Adding type registration short -> org.hibernate.type.BasicTypeReference@7e5b621b
2024-07-08T19:59:45.900+01:00 DEBUG 31953 --- [helloCash] [           main] org.hibernate.type.BasicTypeRegistry     : Adding type registration java.lang.Short -> org.hibernate.type.BasicTypeReference@7e5b621b
2024-07-08T19:59:45.900+01:00 DEBUG 31953 --- [helloCash] [           main] org.hibernate.type.BasicTypeRegistry     : Adding type registration integer -> org.hibernate.type.BasicTypeReference@10177794
2024-07-08T19:59:45.900+01:00 DEBUG 31953 --- [helloCash] [           main] org.hibernate.type.BasicTypeRegistry     : Adding type registration int -> org.hibernate.type.BasicTypeReference@10177794
2024-07-08T19:59:45.900+01:00 DEBUG 31953 --- [helloCash] [           main] org.hibernate.type.BasicTypeRegistry     : Adding type registration java.lang.Integer -> org.hibernate.type.BasicTypeReference@10177794
2024-07-08T19:59:45.901+01:00 DEBUG 31953 --- [helloCash] [           main] org.hibernate.type.BasicTypeRegistry     : Adding type registration long -> org.hibernate.type.BasicTypeReference@e5c2463
2024-07-08T19:59:45.901+01:00 DEBUG 31953 --- [helloCash] [           main] org.hibernate.type.BasicTypeRegistry     : Adding type registration long -> org.hibernate.type.BasicTypeReference@e5c2463
2024-07-08T19:59:45.901+01:00 DEBUG 31953 --- [helloCash] [           main] org.hibernate.type.BasicTypeRegistry     : Adding type registration java.lang.Long -> org.hibernate.type.BasicTypeReference@e5c2463
2024-07-08T19:59:45.901+01:00 DEBUG 31953 --- [helloCash] [           main] org.hibernate.type.BasicTypeRegistry     : Adding type registration float -> org.hibernate.type.BasicTypeReference@6a950a3b
2024-07-08T19:59:45.901+01:00 DEBUG 31953 --- [helloCash] [           main] org.hibernate.type.BasicTypeRegistry     : Adding type registration float -> org.hibernate.type.BasicTypeReference@6a950a3b
2024-07-08T19:59:45.902+01:00 DEBUG 31953 --- [helloCash] [           main] org.hibernate.type.BasicTypeRegistry     : Adding type registration java.lang.Float -> org.hibernate.type.BasicTypeReference@6a950a3b
2024-07-08T19:59:45.902+01:00 DEBUG 31953 --- [helloCash] [           main] org.hibernate.type.BasicTypeRegistry     : Adding type registration double -> org.hibernate.type.BasicTypeReference@4f7be6c8
2024-07-08T19:59:45.902+01:00 DEBUG 31953 --- [helloCash] [           main] org.hibernate.type.BasicTypeRegistry     : Adding type registration double -> org.hibernate.type.BasicTypeReference@4f7be6c8
2024-07-08T19:59:45.903+01:00 DEBUG 31953 --- [helloCash] [           main] org.hibernate.type.BasicTypeRegistry     : Adding type registration java.lang.Double -> org.hibernate.type.BasicTypeReference@4f7be6c8
2024-07-08T19:59:45.903+01:00 DEBUG 31953 --- [helloCash] [           main] org.hibernate.type.BasicTypeRegistry     : Adding type registration big_integer -> org.hibernate.type.BasicTypeReference@647b9364
2024-07-08T19:59:45.903+01:00 DEBUG 31953 --- [helloCash] [           main] org.hibernate.type.BasicTypeRegistry     : Adding type registration java.math.BigInteger -> org.hibernate.type.BasicTypeReference@647b9364
2024-07-08T19:59:45.904+01:00 DEBUG 31953 --- [helloCash] [           main] org.hibernate.type.BasicTypeRegistry     : Adding type registration big_decimal -> org.hibernate.type.BasicTypeReference@b6bccb4
2024-07-08T19:59:45.904+01:00 DEBUG 31953 --- [helloCash] [           main] org.hibernate.type.BasicTypeRegistry     : Adding type registration java.math.BigDecimal -> org.hibernate.type.BasicTypeReference@b6bccb4
2024-07-08T19:59:45.904+01:00 DEBUG 31953 --- [helloCash] [           main] org.hibernate.type.BasicTypeRegistry     : Adding type registration character -> org.hibernate.type.BasicTypeReference@49edcb30
2024-07-08T19:59:45.904+01:00 DEBUG 31953 --- [helloCash] [           main] org.hibernate.type.BasicTypeRegistry     : Adding type registration char -> org.hibernate.type.BasicTypeReference@49edcb30
2024-07-08T19:59:45.904+01:00 DEBUG 31953 --- [helloCash] [           main] org.hibernate.type.BasicTypeRegistry     : Adding type registration java.lang.Character -> org.hibernate.type.BasicTypeReference@49edcb30
2024-07-08T19:59:45.904+01:00 DEBUG 31953 --- [helloCash] [           main] org.hibernate.type.BasicTypeRegistry     : Adding type registration character_nchar -> org.hibernate.type.BasicTypeReference@59303963
2024-07-08T19:59:45.904+01:00 DEBUG 31953 --- [helloCash] [           main] org.hibernate.type.BasicTypeRegistry     : Adding type registration string -> org.hibernate.type.BasicTypeReference@61e86192
2024-07-08T19:59:45.905+01:00 DEBUG 31953 --- [helloCash] [           main] org.hibernate.type.BasicTypeRegistry     : Adding type registration java.lang.String -> org.hibernate.type.BasicTypeReference@61e86192
2024-07-08T19:59:45.905+01:00 DEBUG 31953 --- [helloCash] [           main] org.hibernate.type.BasicTypeRegistry     : Adding type registration nstring -> org.hibernate.type.BasicTypeReference@34330f77
2024-07-08T19:59:45.905+01:00 DEBUG 31953 --- [helloCash] [           main] org.hibernate.type.BasicTypeRegistry     : Adding type registration characters -> org.hibernate.type.BasicTypeReference@1320e68a
2024-07-08T19:59:45.905+01:00 DEBUG 31953 --- [helloCash] [           main] org.hibernate.type.BasicTypeRegistry     : Adding type registration char[] -> org.hibernate.type.BasicTypeReference@1320e68a
2024-07-08T19:59:45.905+01:00 DEBUG 31953 --- [helloCash] [           main] org.hibernate.type.BasicTypeRegistry     : Adding type registration [C -> org.hibernate.type.BasicTypeReference@1320e68a
2024-07-08T19:59:45.906+01:00 DEBUG 31953 --- [helloCash] [           main] org.hibernate.type.BasicTypeRegistry     : Adding type registration wrapper-characters -> org.hibernate.type.BasicTypeReference@4b033eac
2024-07-08T19:59:45.906+01:00 DEBUG 31953 --- [helloCash] [           main] org.hibernate.type.BasicTypeRegistry     : Adding type registration text -> org.hibernate.type.BasicTypeReference@69c532af
2024-07-08T19:59:45.906+01:00 DEBUG 31953 --- [helloCash] [           main] org.hibernate.type.BasicTypeRegistry     : Adding type registration ntext -> org.hibernate.type.BasicTypeReference@45a1d057
2024-07-08T19:59:45.906+01:00 DEBUG 31953 --- [helloCash] [           main] org.hibernate.type.BasicTypeRegistry     : Adding type registration clob -> org.hibernate.type.BasicTypeReference@51a16adf
2024-07-08T19:59:45.906+01:00 DEBUG 31953 --- [helloCash] [           main] org.hibernate.type.BasicTypeRegistry     : Adding type registration java.sql.Clob -> org.hibernate.type.BasicTypeReference@51a16adf
2024-07-08T19:59:45.907+01:00 DEBUG 31953 --- [helloCash] [           main] org.hibernate.type.BasicTypeRegistry     : Adding type registration nclob -> org.hibernate.type.BasicTypeReference@385d819
2024-07-08T19:59:45.907+01:00 DEBUG 31953 --- [helloCash] [           main] org.hibernate.type.BasicTypeRegistry     : Adding type registration java.sql.NClob -> org.hibernate.type.BasicTypeReference@385d819
2024-07-08T19:59:45.907+01:00 DEBUG 31953 --- [helloCash] [           main] org.hibernate.type.BasicTypeRegistry     : Adding type registration materialized_clob -> org.hibernate.type.BasicTypeReference@4315c28c
2024-07-08T19:59:45.907+01:00 DEBUG 31953 --- [helloCash] [           main] org.hibernate.type.BasicTypeRegistry     : Adding type registration materialized_clob_char_array -> org.hibernate.type.BasicTypeReference@8fd91d1
2024-07-08T19:59:45.908+01:00 DEBUG 31953 --- [helloCash] [           main] org.hibernate.type.BasicTypeRegistry     : Adding type registration materialized_clob_character_array -> org.hibernate.type.BasicTypeReference@52d0f583
2024-07-08T19:59:45.908+01:00 DEBUG 31953 --- [helloCash] [           main] org.hibernate.type.BasicTypeRegistry     : Adding type registration materialized_nclob -> org.hibernate.type.BasicTypeReference@7fb8bad0
2024-07-08T19:59:45.909+01:00 DEBUG 31953 --- [helloCash] [           main] org.hibernate.type.BasicTypeRegistry     : Adding type registration materialized_nclob_character_array -> org.hibernate.type.BasicTypeReference@12d40609
2024-07-08T19:59:45.909+01:00 DEBUG 31953 --- [helloCash] [           main] org.hibernate.type.BasicTypeRegistry     : Adding type registration materialized_nclob_char_array -> org.hibernate.type.BasicTypeReference@76437e9b
2024-07-08T19:59:45.909+01:00 DEBUG 31953 --- [helloCash] [           main] org.hibernate.type.BasicTypeRegistry     : Adding type registration Duration -> org.hibernate.type.BasicTypeReference@236ae13d
2024-07-08T19:59:45.909+01:00 DEBUG 31953 --- [helloCash] [           main] org.hibernate.type.BasicTypeRegistry     : Adding type registration java.time.Duration -> org.hibernate.type.BasicTypeReference@236ae13d
2024-07-08T19:59:45.909+01:00 DEBUG 31953 --- [helloCash] [           main] org.hibernate.type.BasicTypeRegistry     : Adding type registration LocalDateTime -> org.hibernate.type.BasicTypeReference@193eb1ba
2024-07-08T19:59:45.909+01:00 DEBUG 31953 --- [helloCash] [           main] org.hibernate.type.BasicTypeRegistry     : Adding type registration java.time.LocalDateTime -> org.hibernate.type.BasicTypeReference@193eb1ba
2024-07-08T19:59:45.910+01:00 DEBUG 31953 --- [helloCash] [           main] org.hibernate.type.BasicTypeRegistry     : Adding type registration LocalDate -> org.hibernate.type.BasicTypeReference@2be818da
2024-07-08T19:59:45.910+01:00 DEBUG 31953 --- [helloCash] [           main] org.hibernate.type.BasicTypeRegistry     : Adding type registration java.time.LocalDate -> org.hibernate.type.BasicTypeReference@2be818da
2024-07-08T19:59:45.910+01:00 DEBUG 31953 --- [helloCash] [           main] org.hibernate.type.BasicTypeRegistry     : Adding type registration LocalTime -> org.hibernate.type.BasicTypeReference@46320c9a
2024-07-08T19:59:45.910+01:00 DEBUG 31953 --- [helloCash] [           main] org.hibernate.type.BasicTypeRegistry     : Adding type registration java.time.LocalTime -> org.hibernate.type.BasicTypeReference@46320c9a
2024-07-08T19:59:45.910+01:00 DEBUG 31953 --- [helloCash] [           main] org.hibernate.type.BasicTypeRegistry     : Adding type registration OffsetDateTime -> org.hibernate.type.BasicTypeReference@32256e68
2024-07-08T19:59:45.911+01:00 DEBUG 31953 --- [helloCash] [           main] org.hibernate.type.BasicTypeRegistry     : Adding type registration java.time.OffsetDateTime -> org.hibernate.type.BasicTypeReference@32256e68
2024-07-08T19:59:45.911+01:00 DEBUG 31953 --- [helloCash] [           main] org.hibernate.type.BasicTypeRegistry     : Adding type registration OffsetDateTimeWithTimezone -> org.hibernate.type.BasicTypeReference@5e7abaf7
2024-07-08T19:59:45.911+01:00 DEBUG 31953 --- [helloCash] [           main] org.hibernate.type.BasicTypeRegistry     : Adding type registration OffsetDateTimeWithoutTimezone -> org.hibernate.type.BasicTypeReference@353f472a
2024-07-08T19:59:45.911+01:00 DEBUG 31953 --- [helloCash] [           main] org.hibernate.type.BasicTypeRegistry     : Adding type registration OffsetTime -> org.hibernate.type.BasicTypeReference@63bfdbcb
2024-07-08T19:59:45.911+01:00 DEBUG 31953 --- [helloCash] [           main] org.hibernate.type.BasicTypeRegistry     : Adding type registration java.time.OffsetTime -> org.hibernate.type.BasicTypeReference@63bfdbcb
2024-07-08T19:59:45.911+01:00 DEBUG 31953 --- [helloCash] [           main] org.hibernate.type.BasicTypeRegistry     : Adding type registration OffsetTimeUtc -> org.hibernate.type.BasicTypeReference@7af0affa
2024-07-08T19:59:45.912+01:00 DEBUG 31953 --- [helloCash] [           main] org.hibernate.type.BasicTypeRegistry     : Adding type registration OffsetTimeWithTimezone -> org.hibernate.type.BasicTypeReference@71560f51
2024-07-08T19:59:45.912+01:00 DEBUG 31953 --- [helloCash] [           main] org.hibernate.type.BasicTypeRegistry     : Adding type registration OffsetTimeWithoutTimezone -> org.hibernate.type.BasicTypeReference@3e1f1046
2024-07-08T19:59:45.912+01:00 DEBUG 31953 --- [helloCash] [           main] org.hibernate.type.BasicTypeRegistry     : Adding type registration ZonedDateTime -> org.hibernate.type.BasicTypeReference@23e3f5cd
2024-07-08T19:59:45.912+01:00 DEBUG 31953 --- [helloCash] [           main] org.hibernate.type.BasicTypeRegistry     : Adding type registration java.time.ZonedDateTime -> org.hibernate.type.BasicTypeReference@23e3f5cd
2024-07-08T19:59:45.912+01:00 DEBUG 31953 --- [helloCash] [           main] org.hibernate.type.BasicTypeRegistry     : Adding type registration ZonedDateTimeWithTimezone -> org.hibernate.type.BasicTypeReference@5c931134
2024-07-08T19:59:45.913+01:00 DEBUG 31953 --- [helloCash] [           main] org.hibernate.type.BasicTypeRegistry     : Adding type registration ZonedDateTimeWithoutTimezone -> org.hibernate.type.BasicTypeReference@1d7eb170
2024-07-08T19:59:45.913+01:00 DEBUG 31953 --- [helloCash] [           main] org.hibernate.type.BasicTypeRegistry     : Adding type registration date -> org.hibernate.type.BasicTypeReference@5b251fb9
2024-07-08T19:59:45.913+01:00 DEBUG 31953 --- [helloCash] [           main] org.hibernate.type.BasicTypeRegistry     : Adding type registration java.sql.Date -> org.hibernate.type.BasicTypeReference@5b251fb9
2024-07-08T19:59:45.913+01:00 DEBUG 31953 --- [helloCash] [           main] org.hibernate.type.BasicTypeRegistry     : Adding type registration time -> org.hibernate.type.BasicTypeReference@67d4c48d
2024-07-08T19:59:45.914+01:00 DEBUG 31953 --- [helloCash] [           main] org.hibernate.type.BasicTypeRegistry     : Adding type registration java.sql.Time -> org.hibernate.type.BasicTypeReference@67d4c48d
2024-07-08T19:59:45.914+01:00 DEBUG 31953 --- [helloCash] [           main] org.hibernate.type.BasicTypeRegistry     : Adding type registration timestamp -> org.hibernate.type.BasicTypeReference@230a73f2
2024-07-08T19:59:45.914+01:00 DEBUG 31953 --- [helloCash] [           main] org.hibernate.type.BasicTypeRegistry     : Adding type registration java.sql.Timestamp -> org.hibernate.type.BasicTypeReference@230a73f2
2024-07-08T19:59:45.915+01:00 DEBUG 31953 --- [helloCash] [           main] org.hibernate.type.BasicTypeRegistry     : Adding type registration java.util.Date -> org.hibernate.type.BasicTypeReference@230a73f2
2024-07-08T19:59:45.915+01:00 DEBUG 31953 --- [helloCash] [           main] org.hibernate.type.BasicTypeRegistry     : Adding type registration calendar -> org.hibernate.type.BasicTypeReference@4b97b3d2
2024-07-08T19:59:45.915+01:00 DEBUG 31953 --- [helloCash] [           main] org.hibernate.type.BasicTypeRegistry     : Adding type registration java.util.Calendar -> org.hibernate.type.BasicTypeReference@4b97b3d2
2024-07-08T19:59:45.915+01:00 DEBUG 31953 --- [helloCash] [           main] org.hibernate.type.BasicTypeRegistry     : Adding type registration java.util.GregorianCalendar -> org.hibernate.type.BasicTypeReference@4b97b3d2
2024-07-08T19:59:45.915+01:00 DEBUG 31953 --- [helloCash] [           main] org.hibernate.type.BasicTypeRegistry     : Adding type registration calendar_date -> org.hibernate.type.BasicTypeReference@383cb5ce
2024-07-08T19:59:45.915+01:00 DEBUG 31953 --- [helloCash] [           main] org.hibernate.type.BasicTypeRegistry     : Adding type registration calendar_time -> org.hibernate.type.BasicTypeReference@798deee8
2024-07-08T19:59:45.915+01:00 DEBUG 31953 --- [helloCash] [           main] org.hibernate.type.BasicTypeRegistry     : Adding type registration instant -> org.hibernate.type.BasicTypeReference@96897c8
2024-07-08T19:59:45.916+01:00 DEBUG 31953 --- [helloCash] [           main] org.hibernate.type.BasicTypeRegistry     : Adding type registration java.time.Instant -> org.hibernate.type.BasicTypeReference@96897c8
2024-07-08T19:59:45.916+01:00 DEBUG 31953 --- [helloCash] [           main] org.hibernate.type.BasicTypeRegistry     : Adding type registration uuid -> org.hibernate.type.BasicTypeReference@7f97bc14
2024-07-08T19:59:45.916+01:00 DEBUG 31953 --- [helloCash] [           main] org.hibernate.type.BasicTypeRegistry     : Adding type registration java.util.UUID -> org.hibernate.type.BasicTypeReference@7f97bc14
2024-07-08T19:59:45.916+01:00 DEBUG 31953 --- [helloCash] [           main] org.hibernate.type.BasicTypeRegistry     : Adding type registration pg-uuid -> org.hibernate.type.BasicTypeReference@7f97bc14
2024-07-08T19:59:45.916+01:00 DEBUG 31953 --- [helloCash] [           main] org.hibernate.type.BasicTypeRegistry     : Adding type registration uuid-binary -> org.hibernate.type.BasicTypeReference@22d8f4ed
2024-07-08T19:59:45.916+01:00 DEBUG 31953 --- [helloCash] [           main] org.hibernate.type.BasicTypeRegistry     : Adding type registration uuid-char -> org.hibernate.type.BasicTypeReference@3434a4f0
2024-07-08T19:59:45.917+01:00 DEBUG 31953 --- [helloCash] [           main] org.hibernate.type.BasicTypeRegistry     : Adding type registration class -> org.hibernate.type.BasicTypeReference@79afa369
2024-07-08T19:59:45.917+01:00 DEBUG 31953 --- [helloCash] [           main] org.hibernate.type.BasicTypeRegistry     : Adding type registration java.lang.Class -> org.hibernate.type.BasicTypeReference@79afa369
2024-07-08T19:59:45.918+01:00 DEBUG 31953 --- [helloCash] [           main] org.hibernate.type.BasicTypeRegistry     : Adding type registration currency -> org.hibernate.type.BasicTypeReference@3b9ac754
2024-07-08T19:59:45.918+01:00 DEBUG 31953 --- [helloCash] [           main] org.hibernate.type.BasicTypeRegistry     : Adding type registration Currency -> org.hibernate.type.BasicTypeReference@3b9ac754
2024-07-08T19:59:45.919+01:00 DEBUG 31953 --- [helloCash] [           main] org.hibernate.type.BasicTypeRegistry     : Adding type registration java.util.Currency -> org.hibernate.type.BasicTypeReference@3b9ac754
2024-07-08T19:59:45.919+01:00 DEBUG 31953 --- [helloCash] [           main] org.hibernate.type.BasicTypeRegistry     : Adding type registration locale -> org.hibernate.type.BasicTypeReference@5e002356
2024-07-08T19:59:45.919+01:00 DEBUG 31953 --- [helloCash] [           main] org.hibernate.type.BasicTypeRegistry     : Adding type registration java.util.Locale -> org.hibernate.type.BasicTypeReference@5e002356
2024-07-08T19:59:45.919+01:00 DEBUG 31953 --- [helloCash] [           main] org.hibernate.type.BasicTypeRegistry     : Adding type registration serializable -> org.hibernate.type.BasicTypeReference@4f820f42
2024-07-08T19:59:45.919+01:00 DEBUG 31953 --- [helloCash] [           main] org.hibernate.type.BasicTypeRegistry     : Adding type registration java.io.Serializable -> org.hibernate.type.BasicTypeReference@4f820f42
2024-07-08T19:59:45.920+01:00 DEBUG 31953 --- [helloCash] [           main] org.hibernate.type.BasicTypeRegistry     : Adding type registration timezone -> org.hibernate.type.BasicTypeReference@4b325930
2024-07-08T19:59:45.920+01:00 DEBUG 31953 --- [helloCash] [           main] org.hibernate.type.BasicTypeRegistry     : Adding type registration java.util.TimeZone -> org.hibernate.type.BasicTypeReference@4b325930
2024-07-08T19:59:45.920+01:00 DEBUG 31953 --- [helloCash] [           main] org.hibernate.type.BasicTypeRegistry     : Adding type registration ZoneOffset -> org.hibernate.type.BasicTypeReference@267f9765
2024-07-08T19:59:45.920+01:00 DEBUG 31953 --- [helloCash] [           main] org.hibernate.type.BasicTypeRegistry     : Adding type registration java.time.ZoneOffset -> org.hibernate.type.BasicTypeReference@267f9765
2024-07-08T19:59:45.920+01:00 DEBUG 31953 --- [helloCash] [           main] org.hibernate.type.BasicTypeRegistry     : Adding type registration url -> org.hibernate.type.BasicTypeReference@79ba0a6f
2024-07-08T19:59:45.921+01:00 DEBUG 31953 --- [helloCash] [           main] org.hibernate.type.BasicTypeRegistry     : Adding type registration java.net.URL -> org.hibernate.type.BasicTypeReference@79ba0a6f
2024-07-08T19:59:45.921+01:00 DEBUG 31953 --- [helloCash] [           main] org.hibernate.type.BasicTypeRegistry     : Adding type registration vector -> org.hibernate.type.BasicTypeReference@261de205
2024-07-08T19:59:45.921+01:00 DEBUG 31953 --- [helloCash] [           main] org.hibernate.type.BasicTypeRegistry     : Adding type registration row_version -> org.hibernate.type.BasicTypeReference@7f3fc42f
2024-07-08T19:59:45.930+01:00 DEBUG 31953 --- [helloCash] [           main] org.hibernate.type.BasicTypeRegistry     : Adding type registration object -> org.hibernate.type.JavaObjectType@3ca14cf4
2024-07-08T19:59:45.930+01:00 DEBUG 31953 --- [helloCash] [           main] org.hibernate.type.BasicTypeRegistry     : Adding type registration java.lang.Object -> org.hibernate.type.JavaObjectType@3ca14cf4
2024-07-08T19:59:45.931+01:00 DEBUG 31953 --- [helloCash] [           main] org.hibernate.type.BasicTypeRegistry     : Adding type registration null -> org.hibernate.type.NullType@6097fca9
2024-07-08T19:59:45.932+01:00 DEBUG 31953 --- [helloCash] [           main] org.hibernate.type.BasicTypeRegistry     : Adding type registration imm_date -> org.hibernate.type.BasicTypeReference@35eee641
2024-07-08T19:59:45.933+01:00 DEBUG 31953 --- [helloCash] [           main] org.hibernate.type.BasicTypeRegistry     : Adding type registration imm_time -> org.hibernate.type.BasicTypeReference@64518270
2024-07-08T19:59:45.933+01:00 DEBUG 31953 --- [helloCash] [           main] org.hibernate.type.BasicTypeRegistry     : Adding type registration imm_timestamp -> org.hibernate.type.BasicTypeReference@3b7c58e7
2024-07-08T19:59:45.933+01:00 DEBUG 31953 --- [helloCash] [           main] org.hibernate.type.BasicTypeRegistry     : Adding type registration imm_calendar -> org.hibernate.type.BasicTypeReference@79627d27
2024-07-08T19:59:45.933+01:00 DEBUG 31953 --- [helloCash] [           main] org.hibernate.type.BasicTypeRegistry     : Adding type registration imm_calendar_date -> org.hibernate.type.BasicTypeReference@6371cf2f
2024-07-08T19:59:45.933+01:00 DEBUG 31953 --- [helloCash] [           main] org.hibernate.type.BasicTypeRegistry     : Adding type registration imm_calendar_time -> org.hibernate.type.BasicTypeReference@b5b9333
2024-07-08T19:59:45.933+01:00 DEBUG 31953 --- [helloCash] [           main] org.hibernate.type.BasicTypeRegistry     : Adding type registration imm_binary -> org.hibernate.type.BasicTypeReference@52b959df
2024-07-08T19:59:45.934+01:00 DEBUG 31953 --- [helloCash] [           main] org.hibernate.type.BasicTypeRegistry     : Adding type registration imm_serializable -> org.hibernate.type.BasicTypeReference@38588dea
2024-07-08T19:59:46.674+01:00  INFO 31953 --- [helloCash] [           main] o.s.o.j.p.SpringPersistenceUnitInfo      : No LoadTimeWeaver setup: ignoring JPA class transformer
2024-07-08T19:59:46.741+01:00  INFO 31953 --- [helloCash] [           main] com.zaxxer.hikari.HikariDataSource       : HikariPool-1 - Starting...
2024-07-08T19:59:47.256+01:00  INFO 31953 --- [helloCash] [           main] com.zaxxer.hikari.pool.HikariPool        : HikariPool-1 - Added connection org.postgresql.jdbc.PgConnection@668a32a4
2024-07-08T19:59:47.258+01:00  INFO 31953 --- [helloCash] [           main] com.zaxxer.hikari.HikariDataSource       : HikariPool-1 - Start completed.
2024-07-08T19:59:47.420+01:00  WARN 31953 --- [helloCash] [           main] org.hibernate.orm.deprecation            : HHH90000025: PostgreSQLDialect does not need to be specified explicitly using 'hibernate.dialect' (remove the property setting and it will be selected by default)
2024-07-08T19:59:47.504+01:00 DEBUG 31953 --- [helloCash] [           main] o.h.t.d.sql.spi.DdlTypeRegistry          : addDescriptor(2003, org.hibernate.type.descriptor.sql.internal.ArrayDdlTypeImpl@13cc31ae) replaced previous registration(org.hibernate.type.descriptor.sql.internal.ArrayDdlTypeImpl@5bb7a59)
2024-07-08T19:59:47.505+01:00 DEBUG 31953 --- [helloCash] [           main] o.h.t.d.sql.spi.DdlTypeRegistry          : addDescriptor(6, org.hibernate.type.descriptor.sql.internal.CapacityDependentDdlType@4bfa5eb9) replaced previous registration(org.hibernate.type.descriptor.sql.internal.DdlTypeImpl@2a2b7a35)
2024-07-08T19:59:47.513+01:00 DEBUG 31953 --- [helloCash] [           main] o.h.t.d.jdbc.spi.JdbcTypeRegistry        : addDescriptor(2004, BlobTypeDescriptor(BLOB_BINDING)) replaced previous registration(BlobTypeDescriptor(DEFAULT))
2024-07-08T19:59:47.514+01:00 DEBUG 31953 --- [helloCash] [           main] o.h.t.d.jdbc.spi.JdbcTypeRegistry        : addDescriptor(2005, ClobTypeDescriptor(CLOB_BINDING)) replaced previous registration(ClobTypeDescriptor(DEFAULT))
2024-07-08T19:59:47.547+01:00 DEBUG 31953 --- [helloCash] [           main] org.hibernate.type.BasicTypeRegistry     : Adding type registration JAVA_OBJECT -> org.hibernate.type.JavaObjectType@38d525aa
2024-07-08T19:59:47.547+01:00 DEBUG 31953 --- [helloCash] [           main] org.hibernate.type.BasicTypeRegistry     : Adding type registration java.lang.Object -> org.hibernate.type.JavaObjectType@38d525aa
2024-07-08T19:59:47.547+01:00 DEBUG 31953 --- [helloCash] [           main] org.hibernate.type.BasicTypeRegistry     : Type registration key [java.lang.Object] overrode previous entry : `org.hibernate.type.JavaObjectType@3ca14cf4`
2024-07-08T19:59:47.573+01:00 DEBUG 31953 --- [helloCash] [           main] org.hibernate.type.BasicTypeRegistry     : Adding type registration org.hibernate.type.DurationType -> basicType@1(java.time.Duration,3015)
2024-07-08T19:59:47.574+01:00 DEBUG 31953 --- [helloCash] [           main] org.hibernate.type.BasicTypeRegistry     : Adding type registration Duration -> basicType@1(java.time.Duration,3015)
2024-07-08T19:59:47.574+01:00 DEBUG 31953 --- [helloCash] [           main] org.hibernate.type.BasicTypeRegistry     : Adding type registration java.time.Duration -> basicType@1(java.time.Duration,3015)
2024-07-08T19:59:47.584+01:00 DEBUG 31953 --- [helloCash] [           main] org.hibernate.type.BasicTypeRegistry     : Adding type registration org.hibernate.type.OffsetDateTimeType -> basicType@2(java.time.OffsetDateTime,3003)
2024-07-08T19:59:47.584+01:00 DEBUG 31953 --- [helloCash] [           main] org.hibernate.type.BasicTypeRegistry     : Adding type registration OffsetDateTime -> basicType@2(java.time.OffsetDateTime,3003)
2024-07-08T19:59:47.584+01:00 DEBUG 31953 --- [helloCash] [           main] org.hibernate.type.BasicTypeRegistry     : Adding type registration java.time.OffsetDateTime -> basicType@2(java.time.OffsetDateTime,3003)
2024-07-08T19:59:47.585+01:00 DEBUG 31953 --- [helloCash] [           main] org.hibernate.type.BasicTypeRegistry     : Adding type registration org.hibernate.type.ZonedDateTimeType -> basicType@3(java.time.ZonedDateTime,3003)
2024-07-08T19:59:47.585+01:00 DEBUG 31953 --- [helloCash] [           main] org.hibernate.type.BasicTypeRegistry     : Adding type registration ZonedDateTime -> basicType@3(java.time.ZonedDateTime,3003)
2024-07-08T19:59:47.585+01:00 DEBUG 31953 --- [helloCash] [           main] org.hibernate.type.BasicTypeRegistry     : Adding type registration java.time.ZonedDateTime -> basicType@3(java.time.ZonedDateTime,3003)
2024-07-08T19:59:47.588+01:00 DEBUG 31953 --- [helloCash] [           main] org.hibernate.type.BasicTypeRegistry     : Adding type registration org.hibernate.type.OffsetTimeType -> basicType@4(java.time.OffsetTime,3007)
2024-07-08T19:59:47.588+01:00 DEBUG 31953 --- [helloCash] [           main] org.hibernate.type.BasicTypeRegistry     : Adding type registration OffsetTime -> basicType@4(java.time.OffsetTime,3007)
2024-07-08T19:59:47.588+01:00 DEBUG 31953 --- [helloCash] [           main] org.hibernate.type.BasicTypeRegistry     : Adding type registration java.time.OffsetTime -> basicType@4(java.time.OffsetTime,3007)
2024-07-08T19:59:47.593+01:00 DEBUG 31953 --- [helloCash] [           main] o.h.type.spi.TypeConfiguration$Scope     : Scoping TypeConfiguration [org.hibernate.type.spi.TypeConfiguration@7d61468c] to MetadataBuildingContext [org.hibernate.boot.internal.MetadataBuildingContextRootImpl@45796b2a]
2024-07-08T19:59:49.997+01:00  INFO 31953 --- [helloCash] [           main] o.h.e.t.j.p.i.JtaPlatformInitiator       : HHH000489: No JTA platform available (set 'hibernate.transaction.jta.platform' to enable JTA platform integration)
2024-07-08T19:59:49.999+01:00 DEBUG 31953 --- [helloCash] [           main] o.h.type.spi.TypeConfiguration$Scope     : Scoping TypeConfiguration [org.hibernate.type.spi.TypeConfiguration@7d61468c] to SessionFactoryImplementor [org.hibernate.internal.SessionFactoryImpl@1f3aa970]
2024-07-08T19:59:50.090+01:00 TRACE 31953 --- [helloCash] [           main] o.h.type.spi.TypeConfiguration$Scope     : Handling #sessionFactoryCreated from [org.hibernate.internal.SessionFactoryImpl@1f3aa970] for TypeConfiguration
2024-07-08T19:59:50.091+01:00  INFO 31953 --- [helloCash] [           main] j.LocalContainerEntityManagerFactoryBean : Initialized JPA EntityManagerFactory for persistence unit 'default'
2024-07-08T19:59:51.118+01:00  WARN 31953 --- [helloCash] [           main] JpaBaseConfiguration$JpaWebConfiguration : spring.jpa.open-in-view is enabled by default. Therefore, database queries may be performed during view rendering. Explicitly configure spring.jpa.open-in-view to disable this warning
2024-07-08T19:59:52.036+01:00  INFO 31953 --- [helloCash] [           main] c.h.helloCash.HelloCashApplicationTests  : Started HelloCashApplicationTests in 10.654 seconds (process running for 13.64)
]]></system-out>
    <system-err><![CDATA[java.net.BindException: Address already in use
	at java.base/sun.nio.ch.Net.bind0(Native Method)
	at java.base/sun.nio.ch.Net.bind(Net.java:565)
	at java.base/sun.nio.ch.Net.bind(Net.java:554)
	at java.base/sun.nio.ch.NioSocketImpl.bind(NioSocketImpl.java:636)
	at java.base/java.net.ServerSocket.bind(ServerSocket.java:390)
	at java.base/java.net.ServerSocket.<init>(ServerSocket.java:277)
	at java.base/java.net.ServerSocket.<init>(ServerSocket.java:170)
	at com.helloCash.helloCash.service.SocketService.run(SocketService.java:28)
	at java.base/java.lang.Thread.run(Thread.java:1570)
WARNING: A Java agent has been loaded dynamically (/Users/mac/.m2/repository/net/bytebuddy/byte-buddy-agent/1.14.16/byte-buddy-agent-1.14.16.jar)
WARNING: If a serviceability tool is in use, please run with -XX:+EnableDynamicAgentLoading to hide this warning
WARNING: If a serviceability tool is not in use, please run with -Djdk.instrument.traceUsage for more information
WARNING: Dynamic loading of agents will be disallowed by default in a future release
]]></system-err>
  </testcase>
</testsuite>